<?xml version="1.0" encoding="UTF-8"?>
<testng-results skipped="0" failed="0" ignored="0" total="1" passed="1">
  <reporter-output>
  </reporter-output>
  <suite name="Default suite" duration-ms="33234" started-at="2020-03-05T09:02:05Z" finished-at="2020-03-05T09:02:38Z">
    <groups>
    </groups>
    <test name="Default test" duration-ms="33234" started-at="2020-03-05T09:02:05Z" finished-at="2020-03-05T09:02:38Z">
      <class name="dwspagefactory.VerifyLogin">
        <test-method status="PASS" signature="checklogin()[pri:0, instance:dwspagefactory.VerifyLogin@548b7f67]" name="checklogin" duration-ms="33203" started-at="2020-03-05T09:02:05Z" finished-at="2020-03-05T09:02:38Z">
          <reporter-output>
          </reporter-output>
        </test-method> <!-- checklogin -->
      </class> <!-- dwspagefactory.VerifyLogin -->
    </test> <!-- Default test -->
  </suite> <!-- Default suite -->
</testng-results>
